<?xml version="1.0" encoding="UTF-8"?>
<!-- Generated by org.testng.reporters.JUnitReportReporter -->
<testsuite skipped="0" hostname="Bommel-PC" name="main.test.kmlGridCreator.utils.MyKmlFactoryTest" tests="3" failures="0" timestamp="03 Jun 2017 19:31:22 GMT" time="1.254" errors="0">
  <testcase name="testAddPointsToKmlNoPoints" time="0.152" classname="main.test.kmlGridCreator.utils.MyKmlFactoryTest"/>
  <testcase name="testAddPointsToKmlManyPoints" time="1.102" classname="main.test.kmlGridCreator.utils.MyKmlFactoryTest"/>
  <testcase name="testAddPointsToKmlNullValue" time="0.000" classname="main.test.kmlGridCreator.utils.MyKmlFactoryTest"/>
</testsuite> <!-- main.test.kmlGridCreator.utils.MyKmlFactoryTest -->
