<?xml version="1.0" encoding="UTF-8"?>
<!-- Generated by org.testng.reporters.JUnitReportReporter -->
<testsuite skipped="0" hostname="DESKTOP-876IUID" name="main.test.kmlGridCreator.model.TestMyMap" tests="1" failures="0" timestamp="13 Okt 2017 13:07:41 GMT" time="0.646" errors="0">
  <testcase name="testGetPointCountToBoundingAreaCountMap" time="0.646" classname="main.test.kmlGridCreator.model.TestMyMap"/>
</testsuite> <!-- main.test.kmlGridCreator.model.TestMyMap -->
