<?xml version="1.0" encoding="UTF-8"?>
<!-- Generated by org.testng.reporters.JUnitReportReporter -->
<testsuite skipped="0" hostname="Bommel-PC" name="main.test.kmlGridCreator.utils.TxtUtilTest" tests="3" failures="0" timestamp="04 Jun 2017 10:03:09 GMT" time="0.002" errors="0">
  <testcase name="testgetPointsFromValidFile" time="0.001" classname="main.test.kmlGridCreator.utils.TxtUtilTest"/>
  <testcase name="testgetPointsFromInvalidFile" time="0.001" classname="main.test.kmlGridCreator.utils.TxtUtilTest"/>
  <testcase name="testgetPointsFromTxtNullValue" time="0.000" classname="main.test.kmlGridCreator.utils.TxtUtilTest"/>
</testsuite> <!-- main.test.kmlGridCreator.utils.TxtUtilTest -->
