<?xml version="1.0" encoding="UTF-8"?>
<!-- Generated by org.testng.reporters.JUnitReportReporter -->
<testsuite skipped="0" hostname="Bommel-PC" name="main.test.kmlGridCreator.utils.GeoUtilTest" tests="3" failures="0" timestamp="03 Jun 2017 19:31:22 GMT" time="0.055" errors="0">
  <testcase name="getCornersNwNeSeSwWithNullValue" time="0.001" classname="main.test.kmlGridCreator.utils.GeoUtilTest"/>
  <testcase name="getCornersNwNeSeSwWithTestFile" time="0.014" classname="main.test.kmlGridCreator.utils.GeoUtilTest"/>
  <testcase name="getCornersNwNeSeSwWithEmptyList" time="0.040" classname="main.test.kmlGridCreator.utils.GeoUtilTest"/>
</testsuite> <!-- main.test.kmlGridCreator.utils.GeoUtilTest -->
