<?xml version="1.0" encoding="UTF-8"?>
<!-- Generated by org.testng.reporters.JUnitReportReporter -->
<testsuite skipped="0" hostname="Bommel-PC" name="main.test.kmlGridCreator.utils.MathUtilsTest" tests="5" failures="0" timestamp="04 Jun 2017 10:03:09 GMT" time="0.001" errors="0">
  <testcase name="testSmallDifferencesValues" time="0.000" classname="main.test.kmlGridCreator.utils.MathUtilsTest"/>
  <testcase name="testNullValues" time="0.000" classname="main.test.kmlGridCreator.utils.MathUtilsTest"/>
  <testcase name="testNormalValues" time="0.001" classname="main.test.kmlGridCreator.utils.MathUtilsTest"/>
  <testcase name="testSecondNull" time="0.000" classname="main.test.kmlGridCreator.utils.MathUtilsTest"/>
  <testcase name="testFirstNull" time="0.000" classname="main.test.kmlGridCreator.utils.MathUtilsTest"/>
</testsuite> <!-- main.test.kmlGridCreator.utils.MathUtilsTest -->
