<?xml version="1.0" encoding="UTF-8"?>
<!-- Generated by org.testng.reporters.JUnitReportReporter -->
<testsuite skipped="0" hostname="Bommel-PC" name="main.test.kmlGridCreator.utils.CSVCreatorTest" tests="1" failures="0" timestamp="03 Jun 2017 20:52:50 GMT" time="0.084" errors="0">
  <testcase name="testGetPointCountToBoundingAreaCountMap" time="0.084" classname="main.test.kmlGridCreator.utils.CSVCreatorTest"/>
</testsuite> <!-- main.test.kmlGridCreator.utils.CSVCreatorTest -->
