<?xml version="1.0" encoding="UTF-8"?>
<!-- Generated by org.testng.reporters.JUnitReportReporter -->
<testsuite skipped="0" hostname="Bommel-PC" name="main.test.kmlGridCreator.utils.MyKmlFactoryTest" tests="3" failures="0" timestamp="04 Jun 2017 10:03:09 GMT" time="1.155" errors="0">
  <testcase name="testAddPointsToKmlNullValue" time="0.002" classname="main.test.kmlGridCreator.utils.MyKmlFactoryTest"/>
  <testcase name="testAddPointsToKmlNoPoints" time="0.151" classname="main.test.kmlGridCreator.utils.MyKmlFactoryTest"/>
  <testcase name="testAddPointsToKmlManyPoints" time="1.002" classname="main.test.kmlGridCreator.utils.MyKmlFactoryTest"/>
</testsuite> <!-- main.test.kmlGridCreator.utils.MyKmlFactoryTest -->
