<?xml version="1.0" encoding="UTF-8"?>
<!-- Generated by org.testng.reporters.JUnitReportReporter -->
<testsuite skipped="0" hostname="Bommel-PC" name="main.test.kmlGridCreator.model.TestMyMap" tests="1" failures="0" timestamp="04 Jun 2017 10:03:09 GMT" time="0.016" errors="0">
  <testcase name="testGetPointCountToBoundingAreaCountMap" time="0.016" classname="main.test.kmlGridCreator.model.TestMyMap"/>
</testsuite> <!-- main.test.kmlGridCreator.model.TestMyMap -->
